SF:/home/david/Code/github/darobbins85/darvis-web/web/lib/db.ts
FN:27,initDb
FN:36,getDb
FN:46,closeDb
FN:61,createUser
FN:90,getUserByUsername
FN:102,getUserById
FN:115,createSession
FN:141,getUserSessions
FN:162,getSessionById
FN:170,updateSessionName
FN:187,updateSessionAiId
FN:203,deleteSession
FN:226,getNextSessionNumber
FN:239,addMessage
FN:272,getSessionMessages
FN:293,createAuthSession
FN:311,getAuthSession
FN:329,deleteAuthSession
FNDA:6,initDb
FNDA:0,getDb
FNDA:6,closeDb
FNDA:7,createUser
FNDA:3,getUserByUsername
FNDA:2,getUserById
FNDA:5,createSession
FNDA:12,getUserSessions
FNDA:18,getSessionById
FNDA:2,updateSessionName
FNDA:1,updateSessionAiId
FNDA:3,deleteSession
FNDA:5,getNextSessionNumber
FNDA:5,addMessage
FNDA:4,getSessionMessages
FNDA:2,createAuthSession
FNDA:3,getAuthSession
FNDA:1,deleteAuthSession
FNF:18
FNH:17
BRDA:80,4,0,2
BRDA:80,4,1,5
BRDA:82,4,0,5
BRDA:82,4,1,2
BRDA:92,5,0,1
BRDA:92,5,1,2
BRDA:125,7,0,2
BRDA:125,7,1,3
BRDA:145,8,0,21
BRDA:175,11,0,1
BRDA:175,11,1,1
BRDA:192,12,0,0
BRDA:192,12,1,1
BRDA:205,13,0,1
BRDA:205,13,1,2
BRDA:211,13,0,5
BRDA:213,13,0,2
BRDA:213,13,1,1
BRDA:262,15,0,0
BRDA:262,15,1,5
BRDA:276,16,0,9
BRDA:314,19,0,2
BRDA:314,19,1,1
BRDA:317,19,0,0
BRDA:317,19,1,3
BRDA:321,19,0,1
BRDA:321,19,1,2
BRF:27
BRH:24
DA:18,1
DA:27,1
DA:28,6
DA:29,6
DA:30,6
DA:31,6
DA:36,0
DA:37,0
DA:38,0
DA:39,0
DA:40,0
DA:41,0
DA:46,1
DA:47,6
DA:48,6
DA:49,6
DA:50,6
DA:61,1
DA:62,1
DA:63,1
DA:65,7
DA:66,7
DA:67,7
DA:68,7
DA:69,7
DA:70,7
DA:71,7
DA:74,7
DA:75,7
DA:76,7
DA:77,7
DA:78,7
DA:80,7
DA:81,2
DA:82,2
DA:84,5
DA:85,7
DA:90,1
DA:91,3
DA:92,3
DA:94,2
DA:95,2
DA:96,2
DA:97,3
DA:102,1
DA:103,2
DA:104,2
DA:105,2
DA:115,1
DA:116,1
DA:117,1
DA:119,5
DA:120,5
DA:122,5
DA:123,5
DA:124,5
DA:125,5
DA:126,5
DA:127,5
DA:128,5
DA:130,5
DA:131,5
DA:132,5
DA:133,5
DA:135,5
DA:136,5
DA:141,1
DA:142,12
DA:143,12
DA:145,12
DA:146,21
DA:147,21
DA:148,21
DA:149,21
DA:150,21
DA:151,21
DA:154,12
DA:155,12
DA:157,12
DA:162,1
DA:163,18
DA:164,18
DA:165,18
DA:170,1
DA:171,1
DA:172,1
DA:174,2
DA:175,2
DA:177,1
DA:178,1
DA:180,1
DA:181,1
DA:182,2
DA:187,1
DA:188,1
DA:189,1
DA:191,1
DA:192,0
DA:194,1
DA:195,1
DA:197,1
DA:198,1
DA:203,1
DA:204,3
DA:205,3
DA:208,2
DA:209,2
DA:211,3
DA:212,5
DA:213,5
DA:216,2
DA:217,2
DA:219,2
DA:220,2
DA:221,3
DA:226,1
DA:227,5
DA:228,5
DA:229,5
DA:239,1
DA:240,1
DA:241,1
DA:242,1
DA:244,5
DA:245,5
DA:246,5
DA:247,5
DA:248,5
DA:249,5
DA:250,5
DA:251,5
DA:254,5
DA:255,5
DA:256,5
DA:258,5
DA:259,5
DA:260,5
DA:261,5
DA:262,0
DA:263,0
DA:264,0
DA:266,5
DA:267,5
DA:272,1
DA:273,4
DA:274,4
DA:276,4
DA:277,9
DA:278,9
DA:281,4
DA:282,4
DA:284,4
DA:293,1
DA:294,1
DA:295,1
DA:297,2
DA:298,2
DA:299,2
DA:300,2
DA:301,2
DA:303,2
DA:304,2
DA:305,2
DA:311,1
DA:312,3
DA:314,3
DA:317,0
DA:319,0
DA:320,0
DA:321,0
DA:323,1
DA:324,3
DA:329,1
DA:330,1
DA:331,1
LH:161
LF:175
end_of_record
